<?xml version="1.0" encoding="UTF-8"?>
<!-- Generated by org.testng.reporters.JUnitReportReporter -->
<testsuite hostname="LAPTOP-6MELK31E" failures="0" tests="1" name="DataDrivenTesting.DataFromXml" time="0.015" errors="0" timestamp="2025-02-25T10:29:53 IST" skipped="0">
  <testcase classname="DataDrivenTesting.DataFromXml" name="xmlDataDriven" time="0.015"/>
  <system-out/>
</testsuite> <!-- DataDrivenTesting.DataFromXml -->
