<?xml version="1.0" encoding="UTF-8"?>
<!-- Generated by org.testng.reporters.JUnitReportReporter -->
<testsuite hostname="LAPTOP-6MELK31E" failures="0" tests="3" name="TestNG.Annotations.dataProviderAnnotation" time="0.030" errors="0" timestamp="2025-02-25T10:37:37 IST" skipped="0">
  <testcase classname="TestNG.Annotations.dataProviderAnnotation" name="createContact" time="0.024"/>
  <system-out/>
  <testcase classname="TestNG.Annotations.dataProviderAnnotation" name="createContact" time="0.003"/>
  <system-out/>
  <testcase classname="TestNG.Annotations.dataProviderAnnotation" name="createContact" time="0.003"/>
  <system-out/>
</testsuite> <!-- TestNG.Annotations.dataProviderAnnotation -->
