<?xml version="1.0" encoding="UTF-8"?>
<!-- Generated by org.testng.reporters.JUnitReportReporter -->
<testsuite hostname="LAPTOP-6MELK31E" failures="0" tests="1" name="ExtentReport.ExtentReportWithScreenShotTest" time="96.433" errors="0" timestamp="2025-02-20T18:12:25 IST" skipped="0">
  <testcase classname="ExtentReport.ExtentReportWithScreenShotTest" name="CreateContact" time="96.433"/>
  <system-out/>
</testsuite> <!-- ExtentReport.ExtentReportWithScreenShotTest -->
