<?xml version="1.0" encoding="UTF-8"?>
<!-- Generated by org.testng.reporters.JUnitReportReporter -->
<testsuite hostname="LAPTOP-6MELK31E" failures="0" tests="3" name="TestNG.practice.CreateContactAndContactWithDateTest" time="82.636" errors="0" timestamp="2025-02-22T13:10:36 IST" skipped="0">
  <testcase classname="TestNG.practice.CreateContactAndContactWithDateTest" name="CreateContactWithOrganizationTest" time="32.254"/>
  <system-out/>
  <testcase classname="TestNG.practice.CreateContactAndContactWithDateTest" name="createContactWithDate" time="43.399"/>
  <system-out/>
  <testcase classname="TestNG.practice.CreateContactAndContactWithDateTest" name="createContactTest" time="6.983"/>
  <system-out/>
</testsuite> <!-- TestNG.practice.CreateContactAndContactWithDateTest -->
