<?xml version="1.0" encoding="UTF-8"?>
<!-- Generated by org.testng.reporters.JUnitReportReporter -->
<testsuite hostname="LAPTOP-6MELK31E" failures="0" tests="1" name="TestNG.practice.CreateOrganizationTest" time="48.565" errors="0" timestamp="2025-02-22T13:10:36 IST" skipped="0">
  <testcase classname="TestNG.practice.CreateOrganizationTest" name="createOrganizationTest" time="48.565"/>
  <system-out/>
</testsuite> <!-- TestNG.practice.CreateOrganizationTest -->
