<?xml version="1.0" encoding="UTF-8"?>
<!-- Generated by org.testng.reporters.JUnitReportReporter -->
<testsuite hostname="LAPTOP-6MELK31E" failures="0" tests="2" name="TestNG.practice.CreateContactTest" time="98.834" errors="0" timestamp="2025-02-22T13:10:36 IST" skipped="0">
  <testcase classname="TestNG.practice.CreateContactTest" name="createContactTest" time="40.778"/>
  <system-out/>
  <testcase classname="TestNG.practice.CreateContactTest" name="createContactWithDate" time="58.056"/>
  <system-out/>
</testsuite> <!-- TestNG.practice.CreateContactTest -->
