<?xml version="1.0" encoding="UTF-8"?>
<!-- Generated by org.testng.reporters.JUnitXMLReporter -->
<testsuite ignored="0" hostname="LAPTOP-6MELK31E" failures="0" tests="5" name="Test-1" time="238.511" errors="0" timestamp="2025-02-22T13:10:35 IST">
  <testcase classname="TestNG.practice.CreateContactTest" name="createContactTest" time="31.814"/>
  <testcase classname="TestNG.practice.CreateContactTest" name="createContactWithDate" time="6.043"/>
  <testcase classname="TestNG.practice.CreateContactAndContactWithDateTest" name="CreateContactWithOrganizationTest" time="19.019"/>
  <testcase classname="TestNG.practice.CreateContactAndContactWithDateTest" name="createContactTest" time="4.378"/>
  <testcase classname="TestNG.practice.CreateContactAndContactWithDateTest" name="createContactWithDate" time="4.708"/>
</testsuite> <!-- Test-1 -->
