<?xml version="1.0" encoding="UTF-8"?>
<!-- Generated by org.testng.reporters.JUnitXMLReporter -->
<testsuite ignored="0" hostname="LAPTOP-6MELK31E" failures="0" tests="4" name="Test-2" time="210.775" errors="0" timestamp="2025-02-22T13:10:07 IST">
  <testcase classname="TestNG.practice.CreateContactWithDateAndOrganizationTest" name="CreateContactWithOrganizationTest" time="45.317"/>
  <testcase classname="TestNG.practice.CreateContactWithDateAndOrganizationTest" name="createContactTest" time="7.757"/>
  <testcase classname="TestNG.practice.CreateContactWithDateAndOrganizationTest" name="createContactWithDate" time="7.686"/>
  <testcase classname="TestNG.practice.CreateOrganizationTest" name="createOrganizationTest" time="13.571"/>
</testsuite> <!-- Test-2 -->
