<?xml version="1.0" encoding="UTF-8"?>
<!-- Generated by org.testng.reporters.JUnitXMLReporter -->
<testsuite ignored="0" hostname="LAPTOP-6MELK31E" failures="0" tests="3" name="Test-3" time="131.12" errors="0" timestamp="2025-02-22T13:08:48 IST">
  <testcase classname="TestNG.practice.CreateOrganizationWithPhoneNumberAndIndustry" name="CreateOrganizationWithIndustry" time="26.964"/>
  <testcase classname="TestNG.practice.CreateOrganizationWithPhoneNumberAndIndustry" name="CreateOrganizationWithPhoneNumber" time="17.375"/>
  <testcase classname="TestNG.practice.CreateOrganizationWithPhoneNumberAndIndustry" name="createOrganizationTest" time="7.341"/>
</testsuite> <!-- Test-3 -->
